<?xml version="1.0" encoding="UTF-8"?>
<!-- Generated by org.testng.reporters.JUnitReportReporter -->
<testsuite hostname="DESKTOP-3SP5SHT" failures="0" tests="1" name="UI.GoogleTests" time="10.493" errors="0" timestamp="2023-03-23T17:12:43 IST" skipped="0">
  <testcase classname="UI.GoogleTests" name="googleCheckFailedTest" time="10.493"/>
  <system-out>
    <![CDATA[Started test :googleCheckFailedTest
verifying
Name of title:infosys - Google Search
The name of the testcase passed is :googleCheckFailedTest]]>
  </system-out>
</testsuite> <!-- UI.GoogleTests -->
