<?xml version="1.0" encoding="UTF-8"?>
<!-- Generated by org.testng.reporters.JUnitReportReporter -->
<testsuite hostname="DESKTOP-3SP5SHT" failures="0" tests="1" name="UI.GeeksForGeeksTests" time="0.609" errors="0" timestamp="2023-03-16T09:13:57 IST" skipped="0">
  <testcase classname="UI.GeeksForGeeksTests" name="loginCheck" time="0.609"/>
  <system-out/>
</testsuite> <!-- UI.GeeksForGeeksTests -->
